2022-06-16 12:26:11,495:DEBUG:discord.client: on_ready has successfully been registered as an event
2022-06-16 12:26:11,496:DEBUG:discord.client: on_message has successfully been registered as an event
2022-06-16 12:26:11,496:INFO:discord.client: logging in using static token
2022-06-16 12:26:11,629:DEBUG:discord.http: GET https://discord.com/api/v7/users/@me with None has returned 200
2022-06-16 12:26:11,629:DEBUG:discord.http: GET https://discord.com/api/v7/users/@me has received {'id': '986833955531653150', 'username': 'RPGBot', 'avatar': 'ac19d7cae99839ee02572b8db62b4404', 'avatar_decoration': None, 'discriminator': '4816', 'public_flags': 0, 'flags': 0, 'bot': True, 'banner': None, 'banner_color': None, 'accent_color': None, 'bio': '', 'pronouns': '', 'locale': 'en-US', 'mfa_enabled': False, 'email': None, 'verified': True}
2022-06-16 12:26:11,649:DEBUG:discord.http: GET https://discord.com/api/v7/gateway with None has returned 200
2022-06-16 12:26:11,649:DEBUG:discord.http: GET https://discord.com/api/v7/gateway has received {'url': 'wss://gateway.discord.gg'}
2022-06-16 12:26:11,727:DEBUG:discord.gateway: Created websocket connected to wss://gateway.discord.gg?encoding=json&v=6&compress=zlib-stream
2022-06-16 12:26:11,727:DEBUG:discord.client: Dispatching event socket_raw_receive
2022-06-16 12:26:11,727:DEBUG:discord.gateway: For Shard ID None: WebSocket Event: {'t': None, 's': None, 'op': 10, 'd': {'heartbeat_interval': 41250, '_trace': ['["gateway-prd-main-1v2z",{"micros":0.0}]']}}
2022-06-16 12:26:11,727:DEBUG:discord.client: Dispatching event socket_response
2022-06-16 12:26:11,727:DEBUG:discord.client: Dispatching event socket_raw_send
2022-06-16 12:26:11,728:DEBUG:discord.client: Dispatching event socket_raw_send
2022-06-16 12:26:11,728:INFO:discord.gateway: Shard ID None has sent the IDENTIFY payload.
2022-06-16 12:26:11,766:DEBUG:discord.client: Dispatching event socket_raw_receive
2022-06-16 12:26:11,766:DEBUG:discord.gateway: For Shard ID None: WebSocket Event: {'t': None, 's': None, 'op': 11, 'd': None}
2022-06-16 12:26:11,766:DEBUG:discord.client: Dispatching event socket_response
2022-06-16 12:26:11,914:DEBUG:discord.client: Dispatching event socket_raw_receive
2022-06-16 12:26:11,914:DEBUG:discord.gateway: For Shard ID None: WebSocket Event: {'t': 'READY', 's': 1, 'op': 0, 'd': {'v': 6, 'user_settings': {}, 'user': {'verified': True, 'username': 'RPGBot', 'mfa_enabled': False, 'id': '986833955531653150', 'flags': 0, 'email': None, 'discriminator': '4816', 'bot': True, 'avatar': 'ac19d7cae99839ee02572b8db62b4404'}, 'session_type': 'normal', 'session_id': 'e61372d662f8bb3e78b901f3c79c2a78', 'relationships': [], 'private_channels': [], 'presences': [], 'guilds': [{'unavailable': True, 'id': '986834387368804382'}], 'guild_join_requests': [], 'geo_ordered_rtc_regions': ['us-east', 'montreal', 'newark', 'us-central', 'atlanta'], 'application': {'id': '986833955531653150', 'flags': 262144}, '_trace': ['["gateway-prd-main-1v2z",{"micros":146386,"calls":["discord-sessions-green-prd-2-53",{"micros":143193,"calls":["start_session",{"micros":90596,"calls":["discord-api-858986458f-z2ptg",{"micros":87321,"calls":["get_user",{"micros":33918},"add_authorized_ip",{"micros":3254},"get_guilds",{"micros":6871},"coros_wait",{"micros":1}]}]},"guilds_connect",{"micros":1,"calls":[]},"presence_connect",{"micros":7381,"calls":[]}]}]}]']}}
2022-06-16 12:26:11,914:DEBUG:discord.client: Dispatching event socket_response
2022-06-16 12:26:11,914:INFO:discord.gateway: Shard ID None has connected to Gateway: ["gateway-prd-main-1v2z",{"micros":146386,"calls":["discord-sessions-green-prd-2-53",{"micros":143193,"calls":["start_session",{"micros":90596,"calls":["discord-api-858986458f-z2ptg",{"micros":87321,"calls":["get_user",{"micros":33918},"add_authorized_ip",{"micros":3254},"get_guilds",{"micros":6871},"coros_wait",{"micros":1}]}]},"guilds_connect",{"micros":1,"calls":[]},"presence_connect",{"micros":7381,"calls":[]}]}]}] (Session ID: e61372d662f8bb3e78b901f3c79c2a78).
2022-06-16 12:26:11,919:DEBUG:discord.client: Dispatching event connect
2022-06-16 12:26:11,919:DEBUG:discord.client: Dispatching event socket_raw_receive
2022-06-16 12:26:11,919:DEBUG:discord.gateway: For Shard ID None: WebSocket Event: {'t': 'GUILD_MEMBER_UPDATE', 's': 2, 'op': 0, 'd': {'user': {'username': 'RPGBot', 'public_flags': 0, 'id': '986833955531653150', 'discriminator': '4816', 'bot': True, 'avatar': 'ac19d7cae99839ee02572b8db62b4404'}, 'roles': ['986835515603042317'], 'premium_since': None, 'pending': False, 'nick': None, 'mute': False, 'joined_at': '2022-06-16T03:32:01.484000+00:00', 'guild_id': '986834387368804382', 'flags': 0, 'deaf': False, 'communication_disabled_until': None, 'avatar': None}}
2022-06-16 12:26:11,919:DEBUG:discord.client: Dispatching event socket_response
2022-06-16 12:26:11,919:DEBUG:discord.state: GUILD_MEMBER_UPDATE referencing an unknown member ID: 986833955531653150. Discarding.
2022-06-16 12:26:11,919:DEBUG:discord.client: Dispatching event socket_raw_receive
2022-06-16 12:26:11,919:DEBUG:discord.gateway: For Shard ID None: WebSocket Event: {'t': 'GUILD_CREATE', 's': 3, 'op': 0, 'd': {'region': 'deprecated', 'explicit_content_filter': 0, 'public_updates_channel_id': None, 'preferred_locale': 'en-US', 'features': [], 'name': 'Hello World', 'unavailable': False, 'stickers': [], 'lazy': True, 'nsfw_level': 0, 'afk_channel_id': None, 'hub_type': None, 'system_channel_id': '986834387968598049', 'joined_at': '2022-06-16T03:32:01.484000+00:00', 'guild_hashes': {'version': 1, 'roles': {'omitted': False, 'hash': 'lcRJ6gFiiOI'}, 'metadata': {'omitted': False, 'hash': 'OFmXIJUQy3w'}, 'channels': {'omitted': False, 'hash': '26ErM4ouXnA'}}, 'vanity_url_code': None, 'nsfw': False, 'max_members': 500000, 'owner_id': '176796281291669513', 'icon': None, 'verification_level': 0, 'member_count': 2, 'premium_subscription_count': 0, 'channels': [{'type': 4, 'position': 0, 'permission_overwrites': [], 'name': 'Text Channels', 'id': '986834387968598047', 'flags': 0}, {'type': 4, 'position': 0, 'permission_overwrites': [], 'name': 'Voice Channels', 'id': '986834387968598048', 'flags': 0}, {'type': 0, 'topic': None, 'rate_limit_per_user': 0, 'position': 0, 'permission_overwrites': [], 'parent_id': '986834387968598047', 'name': 'general', 'last_message_id': '987025736877617172', 'id': '986834387968598049', 'flags': 0}, {'user_limit': 0, 'type': 2, 'rtc_region': None, 'rate_limit_per_user': 0, 'position': 0, 'permission_overwrites': [], 'parent_id': '986834387968598048', 'name': 'General', 'last_message_id': None, 'id': '986834387968598050', 'flags': 0, 'bitrate': 64000}], 'voice_states': [], 'embedded_activities': [], 'threads': [], 'max_video_channel_users': 25, 'discovery_splash': None, 'roles': [{'unicode_emoji': None, 'tags': {}, 'position': 0, 'permissions_new': '1071698660929', 'permissions': 104320577, 'name': '@everyone', 'mentionable': False, 'managed': False, 'id': '986834387368804382', 'icon': None, 'hoist': False, 'flags': 0, 'color': 0}, {'unicode_emoji': None, 'tags': {'bot_id': '986833955531653150'}, 'position': 2, 'permissions_new': '154622097472', 'permissions': 3274816, 'name': 'RPGBot', 'mentionable': False, 'managed': True, 'id': '986835515603042317', 'icon': None, 'hoist': False, 'flags': 0, 'color': 3447003}, {'unicode_emoji': None, 'tags': {}, 'position': 1, 'permissions_new': '1071698660929', 'permissions': 104320577, 'name': 'Developer Devon', 'mentionable': False, 'managed': False, 'id': '986979551282360390', 'icon': None, 'hoist': False, 'flags': 0, 'color': 10038562}], 'splash': None, 'members': [{'user': {'username': 'RPGBot', 'public_flags': 0, 'id': '986833955531653150', 'discriminator': '4816', 'bot': True, 'avatar': 'ac19d7cae99839ee02572b8db62b4404'}, 'roles': ['986835515603042317'], 'premium_since': None, 'pending': False, 'nick': None, 'mute': False, 'joined_at': '2022-06-16T03:32:01.484000+00:00', 'flags': 0, 'deaf': False, 'communication_disabled_until': None, 'avatar': None}], 'guild_scheduled_events': [], 'premium_progress_bar_enabled': False, 'application_id': None, 'id': '986834387368804382', 'description': None, 'banner': None, 'system_channel_flags': 0, 'default_message_notifications': 0, 'mfa_level': 0, 'presences': [], 'large': False, 'emojis': [], 'rules_channel_id': None, 'premium_tier': 0, 'stage_instances': [], 'afk_timeout': 300, 'application_command_counts': {}}}
2022-06-16 12:26:11,919:DEBUG:discord.client: Dispatching event socket_response
2022-06-16 12:26:11,919:DEBUG:discord.client: Dispatching event guild_available
2022-06-16 12:26:13,927:DEBUG:discord.client: Dispatching event ready
2022-06-16 12:26:41,045:DEBUG:discord.client: Dispatching event socket_raw_receive
2022-06-16 12:26:41,045:DEBUG:discord.gateway: For Shard ID None: WebSocket Event: {'t': 'TYPING_START', 's': 4, 'op': 0, 'd': {'user_id': '176796281291669513', 'timestamp': 1655396800, 'member': {'user': {'username': 'Tarzan', 'public_flags': 0, 'id': '176796281291669513', 'discriminator': '6468', 'bot': False, 'avatar': '0ea34993d398e62e5d5a63fc7bacf492'}, 'roles': ['986979551282360390'], 'premium_since': None, 'pending': False, 'nick': None, 'mute': False, 'joined_at': '2022-06-16T03:27:32.467000+00:00', 'flags': 0, 'deaf': False, 'communication_disabled_until': None, 'avatar': None}, 'channel_id': '986834387968598049', 'guild_id': '986834387368804382'}}
2022-06-16 12:26:41,045:DEBUG:discord.client: Dispatching event socket_response
2022-06-16 12:26:41,045:DEBUG:discord.client: Dispatching event typing
2022-06-16 12:26:43,313:DEBUG:discord.client: Dispatching event socket_raw_receive
2022-06-16 12:26:43,314:DEBUG:discord.gateway: For Shard ID None: WebSocket Event: {'t': 'MESSAGE_CREATE', 's': 5, 'op': 0, 'd': {'type': 0, 'tts': False, 'timestamp': '2022-06-16T16:26:42.471000+00:00', 'referenced_message': None, 'pinned': False, 'nonce': '987030473928605696', 'mentions': [], 'mention_roles': [], 'mention_everyone': False, 'member': {'roles': ['986979551282360390'], 'premium_since': None, 'pending': False, 'nick': None, 'mute': False, 'joined_at': '2022-06-16T03:27:32.467000+00:00', 'flags': 0, 'deaf': False, 'communication_disabled_until': None, 'avatar': None}, 'id': '987030471189860404', 'flags': 0, 'embeds': [], 'edited_timestamp': None, 'content': '$hello', 'components': [], 'channel_id': '986834387968598049', 'author': {'username': 'Tarzan', 'public_flags': 0, 'id': '176796281291669513', 'discriminator': '6468', 'avatar_decoration': None, 'avatar': '0ea34993d398e62e5d5a63fc7bacf492'}, 'attachments': [], 'guild_id': '986834387368804382'}}
2022-06-16 12:26:43,314:DEBUG:discord.client: Dispatching event socket_response
2022-06-16 12:26:43,314:DEBUG:discord.client: Dispatching event message
2022-06-16 12:26:43,456:DEBUG:discord.client: Dispatching event socket_raw_receive
2022-06-16 12:26:43,456:DEBUG:discord.gateway: For Shard ID None: WebSocket Event: {'t': 'MESSAGE_CREATE', 's': 6, 'op': 0, 'd': {'type': 0, 'tts': False, 'timestamp': '2022-06-16T16:26:42.636000+00:00', 'referenced_message': None, 'pinned': False, 'mentions': [], 'mention_roles': [], 'mention_everyone': False, 'member': {'roles': ['986835515603042317'], 'premium_since': None, 'pending': False, 'nick': None, 'mute': False, 'joined_at': '2022-06-16T03:32:01.484000+00:00', 'flags': 0, 'deaf': False, 'communication_disabled_until': None, 'avatar': None}, 'id': '987030471881924648', 'flags': 0, 'embeds': [], 'edited_timestamp': None, 'content': 'Hello!', 'components': [], 'channel_id': '986834387968598049', 'author': {'username': 'RPGBot', 'public_flags': 0, 'id': '986833955531653150', 'discriminator': '4816', 'bot': True, 'avatar_decoration': None, 'avatar': 'ac19d7cae99839ee02572b8db62b4404'}, 'attachments': [], 'guild_id': '986834387368804382'}}
2022-06-16 12:26:43,456:DEBUG:discord.client: Dispatching event socket_response
2022-06-16 12:26:43,456:DEBUG:discord.client: Dispatching event message
2022-06-16 12:26:43,484:DEBUG:discord.http: POST https://discord.com/api/v7/channels/986834387968598049/messages with {"content":"Hello!"} has returned 200
2022-06-16 12:26:43,485:DEBUG:discord.http: POST https://discord.com/api/v7/channels/986834387968598049/messages has received {'id': '987030471881924648', 'type': 0, 'content': 'Hello!', 'channel_id': '986834387968598049', 'author': {'id': '986833955531653150', 'username': 'RPGBot', 'avatar': 'ac19d7cae99839ee02572b8db62b4404', 'avatar_decoration': None, 'discriminator': '4816', 'public_flags': 0, 'bot': True}, 'attachments': [], 'embeds': [], 'mentions': [], 'mention_roles': [], 'pinned': False, 'mention_everyone': False, 'tts': False, 'timestamp': '2022-06-16T16:26:42.636000+00:00', 'edited_timestamp': None, 'flags': 0, 'components': [], 'referenced_message': None}
2022-06-16 12:26:52,504:DEBUG:discord.client: Dispatching event socket_raw_receive
2022-06-16 12:26:52,504:DEBUG:discord.gateway: For Shard ID None: WebSocket Event: {'t': 'VOICE_STATE_UPDATE', 's': 7, 'op': 0, 'd': {'member': {'user': {'username': 'Tarzan', 'public_flags': 0, 'id': '176796281291669513', 'discriminator': '6468', 'bot': False, 'avatar': '0ea34993d398e62e5d5a63fc7bacf492'}, 'roles': ['986979551282360390'], 'premium_since': None, 'pending': False, 'nick': None, 'mute': False, 'joined_at': '2022-06-16T03:27:32.467000+00:00', 'flags': 0, 'deaf': False, 'communication_disabled_until': None, 'avatar': None}, 'user_id': '176796281291669513', 'suppress': False, 'session_id': 'ffa3a0447312483c45503ca7a90c9ea7', 'self_video': False, 'self_mute': False, 'self_deaf': False, 'request_to_speak_timestamp': None, 'mute': False, 'guild_id': '986834387368804382', 'deaf': False, 'channel_id': '986834387968598050'}}
2022-06-16 12:26:52,504:DEBUG:discord.client: Dispatching event socket_response
2022-06-16 12:26:52,504:DEBUG:discord.client: Dispatching event voice_state_update
2022-06-16 12:26:52,988:DEBUG:discord.gateway: Keeping shard ID None websocket alive with sequence 7.
2022-06-16 12:26:53,024:DEBUG:discord.client: Dispatching event socket_raw_receive
2022-06-16 12:26:53,024:DEBUG:discord.gateway: For Shard ID None: WebSocket Event: {'t': None, 's': None, 'op': 11, 'd': None}
2022-06-16 12:26:53,024:DEBUG:discord.client: Dispatching event socket_response
2022-06-16 12:27:10,542:INFO:discord.client: Received signal to terminate bot and event loop.
2022-06-16 12:27:10,542:INFO:discord.client: Cleaning up tasks.
2022-06-16 12:27:10,542:INFO:discord.client: Cleaning up after 1 tasks.
2022-06-16 12:27:10,542:INFO:discord.client: All tasks finished cancelling.
2022-06-16 12:27:10,542:INFO:discord.client: Closing the event loop.
